Arguments: 
  C:\Program Files\nodejs\node.exe C:\Program Files (x86)\Yarn\bin\yarn.js add typescript

PATH: 
  c:\program files (x86)\graphicsmagick-1.3.25-q16;C:\Program Files (x86)\CollabNet;C:\Embarcadero15\bin;C:\Users\Public\Documents\Embarcadero\Studio\15.0\Bpl;C:\Embarcadero15\bin64;C:\Users\Public\Documents\Embarcadero\Studio\15.0\Bpl\Win64;C:\Python27\;C:\Python27\Scripts;C:\ProgramData\Oracle\Java\javapath;C:\Program Files\Docker\Docker\Resources\bin;C:\WINDOWS\system32;C:\WINDOWS;C:\WINDOWS\System32\Wbem;C:\WINDOWS\System32\WindowsPowerShell\v1.0\;C:\Program Files\Microsoft SQL Server\Client SDK\ODBC\110\Tools\Binn\;C:\Program Files (x86)\Microsoft SQL Server\120\Tools\Binn\ManagementStudio\;C:\Program Files (x86)\Microsoft SQL Server\120\Tools\Binn\;C:\Program Files\Microsoft SQL Server\120\Tools\Binn\;C:\Program Files (x86)\Microsoft SQL Server\120\DTS\Binn\;C:\Program Files\Microsoft SQL Server\120\DTS\Binn\;C:\Program Files\Microsoft SQL Server\130\Tools\Binn\;C:\Program Files (x86)\Windows Kits\10\Windows Performance Toolkit\;C:\Program Files (x86)\Microsoft Emulator Manager\1.0\;C:\Delphi6\Bin;C:\Delphi6\Projects\Bpl;C:\Program Files (x86)\Microsoft SQL Server\Client SDK\ODBC\130\Tools\Binn\;C:\Program Files (x86)\Microsoft SQL Server\130\Tools\Binn\;C:\Program Files (x86)\Microsoft SQL Server\130\DTS\Binn\;C:\Program Files (x86)\Microsoft SQL Server\130\Tools\Binn\ManagementStudio\;C:\Program Files (x86)\PuTTY\;C:\Go\bin;C:\Program Files (x86)\Skype\Phone\;C:\Program Files\nodejs\;C:\Program Files\dotnet\;C:\Program Files\Git\cmd;C:\Program Files (x86)\Brackets\command;C:\ProgramData\chocolatey\bin;C:\Program Files\Java\jdk1.8.0_131\bin;C:\Program Files (x86)\Yarn\bin;C:\Users\Kostia\AppData\Local\atom\bin;C:\Users\Kostia\AppData\Local\Android\sdk\platform-tools;C:\Users\Kostia\AppData\Local\.meteor\;C:\Program Files (x86)\Microsoft VS Code\bin;C:\Users\Kostia\AppData\Local\Microsoft\WindowsApps;C:\Users\Kostia\AppData\Roaming\npm;c:\Embarcadero15\FR\LibD16\;C:\Users\Kostia\AppData\Local\Yarn\bin

Yarn version: 
  0.27.5

Node version: 
  7.7.1

Platform: 
  win32 x64

npm manifest: 
  {
    "name": "project-a",
    "version": "1.0.0",
    "description": "",
    "main": "index.js",
    "scripts": {
      "run": "tsc && node a.js",
    },
    "author": "",
    "license": "ISC",
    "dependencies": {
    }
  }

yarn manifest: 
  No manifest

Lockfile: 
  No lockfile

Trace: 
  SyntaxError: c:\----A-----\package.json: Unexpected token } in JSON at position 138
      at JSON.parse (<anonymous>)
      at C:\Program Files (x86)\Yarn\lib\yarn-cli.js:747:57
      at Generator.next (<anonymous>)
      at step (C:\Program Files (x86)\Yarn\lib\yarn-cli.js:91:30)
      at C:\Program Files (x86)\Yarn\lib\yarn-cli.js:102:13
